<?xml version="1.0" encoding="UTF-8"?>
<!-- Generated by org.testng.reporters.JUnitReportReporter -->
<testsuite hostname="WKWIN0299677" name="com.demo.pageobjectmodel.testcases.Landingpagetest" tests="1" failures="0" timestamp="26 Feb 2018 01:09:22 GMT" time="9.644" errors="0">
  <testcase name="testlandingpage" time="9.644" classname="com.demo.pageobjectmodel.testcases.Landingpagetest"/>
</testsuite> <!-- com.demo.pageobjectmodel.testcases.Landingpagetest -->
