<?xml version="1.0" encoding="UTF-8"?>
<!-- Generated by org.testng.reporters.JUnitReportReporter -->
<testsuite hostname="deldchoub43107" name="com.demo.pageobjectmodel.testcases.LandingpageTest" tests="1" failures="0" timestamp="15 Feb 2018 18:28:19 GMT" time="26.382" errors="0">
  <testcase name="testlandingpage" time="26.382" classname="com.demo.pageobjectmodel.testcases.LandingpageTest"/>
</testsuite> <!-- com.demo.pageobjectmodel.testcases.LandingpageTest -->
