<?xml version="1.0" encoding="UTF-8"?>
<!-- Generated by org.testng.reporters.JUnitReportReporter -->
<testsuite hostname="WKWIN0299677" name="com.demo.pageobjectmodel.testcases.Verify_Till_Paymen" tests="1" failures="0" timestamp="5 Mar 2018 15:12:12 GMT" time="32.422" errors="0">
  <testcase name="Verify_Till_PaymentPage" time="32.422" classname="com.demo.pageobjectmodel.testcases.Verify_Till_Paymen"/>
</testsuite> <!-- com.demo.pageobjectmodel.testcases.Verify_Till_Paymen -->
